2025-10-04 15:53:45.324 | DEBUG    | main:lifespan:15 - Happy logging with Loguru!
2025-10-04 15:56:52.558 | DEBUG    | main:lifespan:15 - Happy logging with Loguru!
2025-10-04 15:58:33.521 | DEBUG    | main:lifespan:15 - Happy logging with Loguru!
2025-10-04 16:03:30.226 | DEBUG    | main:lifespan:15 - Happy logging with Loguru!
2025-10-04 16:04:01.501 | DEBUG    | main:lifespan:15 - Happy logging with Loguru!
2025-10-04 16:14:05.860 | DEBUG    | main:lifespan:15 - Happy logging with Loguru!
2025-10-04 16:15:22.225 | DEBUG    | main:lifespan:15 - Happy logging with Loguru!
2025-10-04 16:16:05.549 | DEBUG    | main:lifespan:15 - Happy logging with Loguru!
2025-10-04 16:28:04.670 | DEBUG    | main:lifespan:15 - Happy logging with Loguru!
2025-10-04 16:31:03.183 | DEBUG    | main:lifespan:15 - Happy logging with Loguru!
2025-10-04 16:31:35.309 | DEBUG    | main:lifespan:15 - Happy logging with Loguru!
2025-10-04 16:39:39.444 | DEBUG    | main:lifespan:15 - Happy logging with Loguru!
2025-10-04 16:42:25.829 | DEBUG    | main:lifespan:15 - Happy logging with Loguru!
2025-10-04 16:43:15.467 | DEBUG    | main:lifespan:15 - Happy logging with Loguru!
2025-10-04 16:44:19.183 | DEBUG    | main:lifespan:15 - Happy logging with Loguru!
2025-10-20 10:45:59.456 | DEBUG    | main:lifespan:15 - Happy logging with Loguru!
2025-10-20 10:50:25.413 | DEBUG    | main:lifespan:15 - Happy logging with Loguru!
2025-11-06 10:28:02.710 | DEBUG    | main:lifespan:23 - Happy logging with Loguru!
2025-11-06 10:28:26.365 | DEBUG    | main:lifespan:23 - Happy logging with Loguru!
2025-11-06 10:28:26.509 | INFO     | main:lifespan:27 - Connected to PostgreSQL
2025-11-06 10:36:18.372 | DEBUG    | main:lifespan:23 - Happy logging with Loguru!
2025-11-06 10:36:18.438 | INFO     | main:lifespan:27 - Connected to PostgreSQL
2025-11-06 11:10:00.397 | DEBUG    | main:lifespan:24 - Happy logging with Loguru!
2025-11-06 11:10:00.452 | INFO     | main:lifespan:28 - Connected to PostgreSQL
2025-11-06 11:11:19.246 | DEBUG    | main:lifespan:24 - Happy logging with Loguru!
2025-11-06 11:11:19.289 | INFO     | main:lifespan:30 - Connected to PostgreSQL
2025-11-06 11:15:15.468 | DEBUG    | main:lifespan:24 - Happy logging with Loguru!
2025-11-06 11:15:15.529 | INFO     | main:lifespan:31 - Connected to PostgreSQL
2025-11-06 11:16:15.628 | DEBUG    | main:lifespan:24 - Happy logging with Loguru!
2025-11-06 11:16:15.683 | INFO     | main:lifespan:31 - Connected to PostgreSQL
2025-11-06 11:17:13.825 | INFO     | main:lifespan:36 - Application shutdown😴
2025-11-06 11:17:32.381 | DEBUG    | main:lifespan:24 - Happy logging with Loguru!
2025-11-06 11:17:32.429 | INFO     | main:lifespan:31 - Connected to PostgreSQL
2025-11-06 11:18:30.363 | INFO     | main:lifespan:36 - Application shutdown😴
2025-11-06 11:18:34.132 | DEBUG    | main:lifespan:24 - Happy logging with Loguru!
2025-11-06 11:18:34.188 | INFO     | main:lifespan:31 - Connected to PostgreSQL
2025-11-06 11:19:47.289 | INFO     | main:lifespan:36 - Application shutdown😴
2025-11-06 11:19:48.362 | DEBUG    | main:lifespan:24 - Happy logging with Loguru!
2025-11-06 11:19:48.407 | INFO     | main:lifespan:31 - Connected to PostgreSQL
2025-11-06 11:19:59.834 | INFO     | main:lifespan:36 - Application shutdown😴
2025-11-06 11:20:01.036 | DEBUG    | main:lifespan:24 - Happy logging with Loguru!
2025-11-06 11:20:01.091 | INFO     | main:lifespan:30 - Connected to PostgreSQL
2025-11-06 11:20:04.238 | INFO     | main:lifespan:35 - Application shutdown😴
2025-11-06 11:20:08.615 | DEBUG    | main:lifespan:24 - Happy logging with Loguru!
2025-11-06 11:20:08.666 | INFO     | main:lifespan:30 - Connected to PostgreSQL
2025-11-06 12:36:15.942 | INFO     | main:lifespan:35 - Application shutdown😴
2025-11-06 12:36:20.759 | DEBUG    | main:lifespan:24 - Happy logging with Loguru!
2025-11-06 12:36:21.140 | INFO     | main:lifespan:30 - Connected to PostgreSQL
2025-11-06 12:36:28.863 | INFO     | main:lifespan:35 - Application shutdown😴
2025-11-08 15:34:08.165 | DEBUG    | main:lifespan:13 - Happy logging with Loguru!
2025-11-08 15:34:08.308 | INFO     | main:lifespan:15 - Connected to PostgreSQL and created the tables
2025-11-08 15:35:15.315 | INFO     | main:lifespan:19 - Application shutdown😴
2025-11-08 15:59:16.342 | DEBUG    | main:lifespan:13 - Happy logging with Loguru!
2025-11-08 15:59:16.542 | INFO     | main:lifespan:15 - Connected to PostgreSQL and created the tables
2025-11-08 15:59:39.775 | INFO     | main:lifespan:19 - Application shutdown😴
2025-11-08 15:59:42.168 | DEBUG    | main:lifespan:13 - Happy logging with Loguru!
2025-11-08 15:59:42.287 | INFO     | main:lifespan:15 - Connected to PostgreSQL and created the tables
2025-11-08 16:02:12.811 | INFO     | main:lifespan:19 - Application shutdown😴
2025-11-08 16:02:14.578 | DEBUG    | main:lifespan:13 - Happy logging with Loguru!
2025-11-08 16:02:14.697 | INFO     | main:lifespan:15 - Connected to PostgreSQL and created the tables
2025-11-08 16:02:15.135 | INFO     | main:lifespan:19 - Application shutdown😴
2025-11-08 16:02:16.801 | DEBUG    | main:lifespan:13 - Happy logging with Loguru!
2025-11-08 16:02:16.911 | INFO     | main:lifespan:15 - Connected to PostgreSQL and created the tables
2025-11-08 16:05:05.173 | INFO     | main:lifespan:19 - Application shutdown😴
2025-11-08 16:05:06.848 | DEBUG    | main:lifespan:13 - Happy logging with Loguru!
2025-11-08 16:05:06.957 | INFO     | main:lifespan:15 - Connected to PostgreSQL and created the tables
2025-11-08 16:10:01.871 | INFO     | main:lifespan:19 - Application shutdown😴
2025-11-08 17:10:04.386 | DEBUG    | main:lifespan:13 - Happy logging with Loguru!
2025-11-08 17:10:26.168 | DEBUG    | main:lifespan:13 - Happy logging with Loguru!
2025-11-08 17:10:39.263 | DEBUG    | main:lifespan:13 - Happy logging with Loguru!
2025-11-08 17:11:38.808 | DEBUG    | main:lifespan:13 - Happy logging with Loguru!
2025-11-08 17:15:23.562 | DEBUG    | main:lifespan:13 - Happy logging with Loguru!
2025-11-08 17:15:23.830 | INFO     | main:lifespan:15 - Connected to PostgreSQL and created the tables
2025-11-08 17:16:10.852 | INFO     | main:lifespan:19 - Application shutdown😴
2025-11-08 17:16:12.530 | DEBUG    | main:lifespan:13 - Happy logging with Loguru!
2025-11-08 17:16:12.677 | INFO     | main:lifespan:15 - Connected to PostgreSQL and created the tables
2025-11-08 17:33:34.993 | INFO     | main:lifespan:19 - Application shutdown😴
2025-11-08 17:33:36.708 | DEBUG    | main:lifespan:13 - Happy logging with Loguru!
2025-11-08 17:33:36.807 | INFO     | main:lifespan:15 - Connected to PostgreSQL and created the tables
2025-11-08 17:33:39.910 | INFO     | main:lifespan:19 - Application shutdown😴
2025-11-08 17:44:56.561 | DEBUG    | main:lifespan:13 - Happy logging with Loguru!
2025-11-08 17:44:56.680 | INFO     | main:lifespan:15 - Connected to PostgreSQL and created the tables
2025-11-08 18:33:35.719 | INFO     | main:lifespan:19 - Application shutdown😴
2025-11-10 16:20:23.849 | DEBUG    | main:lifespan:13 - Happy logging with Loguru!
2025-11-10 16:20:23.923 | INFO     | main:lifespan:15 - Connected to PostgreSQL and created the tables
2025-11-10 16:21:09.764 | INFO     | main:lifespan:19 - Application shutdown😴
2025-11-10 16:21:11.300 | DEBUG    | main:lifespan:13 - Happy logging with Loguru!
2025-11-10 16:21:11.362 | INFO     | main:lifespan:15 - Connected to PostgreSQL and created the tables
2025-11-10 16:26:21.752 | INFO     | main:lifespan:19 - Application shutdown😴
2025-11-10 16:26:23.393 | DEBUG    | main:lifespan:13 - Happy logging with Loguru!
2025-11-10 16:26:23.459 | INFO     | main:lifespan:15 - Connected to PostgreSQL and created the tables
2025-11-10 16:42:11.685 | INFO     | main:lifespan:19 - Application shutdown😴
2025-11-10 16:42:13.483 | DEBUG    | main:lifespan:13 - Happy logging with Loguru!
2025-11-10 16:42:13.552 | INFO     | main:lifespan:15 - Connected to PostgreSQL and created the tables
2025-11-10 16:43:33.482 | INFO     | main:lifespan:19 - Application shutdown😴
2025-11-10 16:43:35.158 | DEBUG    | main:lifespan:13 - Happy logging with Loguru!
2025-11-10 16:43:35.215 | INFO     | main:lifespan:15 - Connected to PostgreSQL and created the tables
2025-11-10 16:46:53.615 | INFO     | main:lifespan:19 - Application shutdown😴
2025-11-10 16:46:55.166 | DEBUG    | main:lifespan:13 - Happy logging with Loguru!
2025-11-10 16:46:55.243 | INFO     | main:lifespan:15 - Connected to PostgreSQL and created the tables
2025-11-10 17:09:22.495 | INFO     | main:lifespan:19 - Application shutdown😴
2025-11-10 17:09:26.768 | DEBUG    | main:lifespan:13 - Happy logging with Loguru!
2025-11-10 17:09:26.949 | INFO     | main:lifespan:15 - Connected to PostgreSQL and created the tables
2025-11-10 17:11:18.092 | INFO     | main:lifespan:19 - Application shutdown😴
2025-11-10 17:11:20.282 | DEBUG    | main:lifespan:13 - Happy logging with Loguru!
2025-11-10 17:11:20.383 | INFO     | main:lifespan:15 - Connected to PostgreSQL and created the tables
2025-11-10 17:31:19.736 | INFO     | main:lifespan:19 - Application shutdown😴
2025-11-10 17:31:22.204 | DEBUG    | main:lifespan:13 - Happy logging with Loguru!
2025-11-10 17:31:22.387 | INFO     | main:lifespan:15 - Connected to PostgreSQL and created the tables
2025-11-10 17:33:24.297 | INFO     | main:lifespan:19 - Application shutdown😴
2025-11-10 17:33:26.739 | DEBUG    | main:lifespan:13 - Happy logging with Loguru!
2025-11-10 17:33:26.890 | INFO     | main:lifespan:15 - Connected to PostgreSQL and created the tables
2025-11-10 19:38:43.189 | INFO     | main:lifespan:19 - Application shutdown😴
2025-11-10 19:38:55.916 | DEBUG    | main:lifespan:13 - Happy logging with Loguru!
2025-11-10 19:38:56.033 | INFO     | main:lifespan:15 - Connected to PostgreSQL and created the tables
2025-11-10 19:39:17.931 | INFO     | main:lifespan:19 - Application shutdown😴
2025-11-10 19:39:20.333 | DEBUG    | main:lifespan:13 - Happy logging with Loguru!
2025-11-10 19:39:20.451 | INFO     | main:lifespan:15 - Connected to PostgreSQL and created the tables
2025-11-10 19:40:16.129 | INFO     | main:lifespan:19 - Application shutdown😴
2025-11-10 19:40:19.209 | DEBUG    | main:lifespan:13 - Happy logging with Loguru!
2025-11-10 19:40:19.386 | INFO     | main:lifespan:15 - Connected to PostgreSQL and created the tables
2025-11-10 19:48:13.628 | INFO     | main:lifespan:19 - Application shutdown😴
2025-11-10 19:48:16.301 | DEBUG    | main:lifespan:13 - Happy logging with Loguru!
2025-11-10 19:48:16.461 | INFO     | main:lifespan:15 - Connected to PostgreSQL and created the tables
2025-11-10 19:48:48.404 | INFO     | main:lifespan:19 - Application shutdown😴
2025-11-10 19:48:50.818 | DEBUG    | main:lifespan:13 - Happy logging with Loguru!
2025-11-10 19:48:50.935 | INFO     | main:lifespan:15 - Connected to PostgreSQL and created the tables
2025-11-10 20:33:00.453 | INFO     | main:lifespan:19 - Application shutdown😴
2025-11-16 12:26:26.556 | DEBUG    | main:lifespan:13 - Happy logging with Loguru!
2025-11-16 12:26:26.739 | INFO     | main:lifespan:15 - Connected to PostgreSQL and created the tables
2025-11-16 12:34:48.272 | INFO     | main:lifespan:19 - Application shutdown😴
2025-11-16 12:34:51.430 | DEBUG    | main:lifespan:13 - Happy logging with Loguru!
2025-11-16 12:34:51.582 | INFO     | main:lifespan:15 - Connected to PostgreSQL and created the tables
2025-11-16 12:36:18.182 | INFO     | main:lifespan:19 - Application shutdown😴
2025-11-16 12:36:22.133 | DEBUG    | main:lifespan:13 - Happy logging with Loguru!
2025-11-16 12:36:22.299 | INFO     | main:lifespan:15 - Connected to PostgreSQL and created the tables
2025-11-16 12:37:30.841 | INFO     | main:lifespan:19 - Application shutdown😴
2025-11-16 12:37:33.324 | DEBUG    | main:lifespan:13 - Happy logging with Loguru!
2025-11-16 12:37:33.529 | INFO     | main:lifespan:15 - Connected to PostgreSQL and created the tables
2025-11-16 12:40:09.670 | INFO     | main:lifespan:19 - Application shutdown😴
2025-11-16 12:40:13.202 | DEBUG    | main:lifespan:13 - Happy logging with Loguru!
2025-11-16 12:40:13.369 | INFO     | main:lifespan:15 - Connected to PostgreSQL and created the tables
2025-11-16 12:42:53.285 | INFO     | main:lifespan:19 - Application shutdown😴
2025-11-16 12:42:55.750 | DEBUG    | main:lifespan:13 - Happy logging with Loguru!
2025-11-16 12:42:55.877 | INFO     | main:lifespan:15 - Connected to PostgreSQL and created the tables
2025-11-16 12:43:15.767 | INFO     | main:lifespan:19 - Application shutdown😴
2025-11-16 12:43:18.115 | DEBUG    | main:lifespan:13 - Happy logging with Loguru!
2025-11-16 12:43:18.226 | INFO     | main:lifespan:15 - Connected to PostgreSQL and created the tables
2025-11-16 12:43:20.973 | DEBUG    | main:lifespan:13 - Happy logging with Loguru!
2025-11-16 12:43:21.097 | INFO     | main:lifespan:15 - Connected to PostgreSQL and created the tables
2025-11-16 12:43:51.082 | INFO     | main:lifespan:19 - Application shutdown😴
2025-11-16 12:43:53.467 | DEBUG    | main:lifespan:13 - Happy logging with Loguru!
2025-11-16 12:43:53.570 | INFO     | main:lifespan:15 - Connected to PostgreSQL and created the tables
2025-11-16 12:44:49.971 | INFO     | main:lifespan:19 - Application shutdown😴
2025-11-16 12:44:52.328 | DEBUG    | main:lifespan:13 - Happy logging with Loguru!
2025-11-16 12:44:52.431 | INFO     | main:lifespan:15 - Connected to PostgreSQL and created the tables
2025-11-16 12:46:45.177 | INFO     | main:lifespan:19 - Application shutdown😴
2025-11-16 12:46:47.534 | DEBUG    | main:lifespan:13 - Happy logging with Loguru!
2025-11-16 12:46:47.647 | INFO     | main:lifespan:15 - Connected to PostgreSQL and created the tables
2025-11-16 12:48:01.597 | INFO     | main:lifespan:19 - Application shutdown😴
2025-11-16 12:48:03.958 | DEBUG    | main:lifespan:13 - Happy logging with Loguru!
2025-11-16 12:48:04.091 | INFO     | main:lifespan:15 - Connected to PostgreSQL and created the tables
2025-11-16 13:12:54.419 | INFO     | main:lifespan:19 - Application shutdown😴
2025-11-16 13:12:56.800 | DEBUG    | main:lifespan:13 - Happy logging with Loguru!
2025-11-16 13:12:56.913 | INFO     | main:lifespan:15 - Connected to PostgreSQL and created the tables
2025-11-16 13:13:46.130 | INFO     | main:lifespan:19 - Application shutdown😴
2025-11-16 13:13:48.520 | DEBUG    | main:lifespan:13 - Happy logging with Loguru!
2025-11-16 13:13:48.639 | INFO     | main:lifespan:15 - Connected to PostgreSQL and created the tables
2025-11-16 15:25:29.698 | INFO     | main:lifespan:19 - Application shutdown😴
2025-11-16 15:25:38.392 | DEBUG    | main:lifespan:13 - Happy logging with Loguru!
2025-11-16 15:25:38.478 | INFO     | main:lifespan:15 - Connected to PostgreSQL and created the tables
2025-11-16 15:28:56.092 | INFO     | main:lifespan:19 - Application shutdown😴
2025-11-16 15:28:58.046 | DEBUG    | main:lifespan:13 - Happy logging with Loguru!
2025-11-16 15:28:58.118 | INFO     | main:lifespan:15 - Connected to PostgreSQL and created the tables
2025-11-16 15:29:22.807 | INFO     | main:lifespan:19 - Application shutdown😴
2025-11-16 15:29:24.436 | DEBUG    | main:lifespan:13 - Happy logging with Loguru!
2025-11-16 15:29:24.504 | INFO     | main:lifespan:15 - Connected to PostgreSQL and created the tables
2025-11-16 15:29:35.633 | INFO     | main:lifespan:19 - Application shutdown😴
2025-11-16 15:29:37.493 | DEBUG    | main:lifespan:13 - Happy logging with Loguru!
2025-11-16 15:29:37.561 | INFO     | main:lifespan:15 - Connected to PostgreSQL and created the tables
2025-11-16 15:49:36.966 | INFO     | main:lifespan:19 - Application shutdown😴
2025-11-16 15:49:38.819 | DEBUG    | main:lifespan:13 - Happy logging with Loguru!
2025-11-16 15:49:38.888 | INFO     | main:lifespan:15 - Connected to PostgreSQL and created the tables
2025-11-16 16:39:45.692 | INFO     | main:lifespan:19 - Application shutdown😴
2025-11-17 17:49:49.329 | DEBUG    | main:lifespan:13 - Happy logging with Loguru!
2025-11-17 17:49:49.514 | INFO     | main:lifespan:15 - Connected to PostgreSQL and created the tables
2025-11-17 18:20:14.757 | INFO     | main:lifespan:19 - Application shutdown😴
2025-11-17 18:20:17.393 | DEBUG    | main:lifespan:13 - Happy logging with Loguru!
2025-11-17 18:20:17.483 | INFO     | main:lifespan:15 - Connected to PostgreSQL and created the tables
2025-11-17 18:43:33.601 | INFO     | main:lifespan:19 - Application shutdown😴
2025-11-17 18:43:35.398 | DEBUG    | main:lifespan:13 - Happy logging with Loguru!
2025-11-17 18:43:35.459 | INFO     | main:lifespan:15 - Connected to PostgreSQL and created the tables
2025-11-17 19:14:34.031 | INFO     | main:lifespan:19 - Application shutdown😴
2025-11-17 19:14:38.192 | DEBUG    | main:lifespan:13 - Happy logging with Loguru!
2025-11-17 19:14:38.354 | INFO     | main:lifespan:15 - Connected to PostgreSQL and created the tables
2025-11-17 19:18:37.727 | INFO     | main:lifespan:19 - Application shutdown😴
2025-11-17 19:18:39.624 | DEBUG    | main:lifespan:13 - Happy logging with Loguru!
2025-11-17 19:18:39.709 | INFO     | main:lifespan:15 - Connected to PostgreSQL and created the tables
2025-11-17 19:26:52.348 | INFO     | main:lifespan:19 - Application shutdown😴
2025-11-17 19:26:54.073 | DEBUG    | main:lifespan:13 - Happy logging with Loguru!
2025-11-17 19:26:54.145 | INFO     | main:lifespan:15 - Connected to PostgreSQL and created the tables
2025-11-17 19:27:39.784 | INFO     | main:lifespan:19 - Application shutdown😴
2025-11-17 19:27:41.357 | DEBUG    | main:lifespan:13 - Happy logging with Loguru!
2025-11-17 19:27:41.421 | INFO     | main:lifespan:15 - Connected to PostgreSQL and created the tables
2025-11-17 19:32:39.974 | INFO     | main:lifespan:19 - Application shutdown😴
2025-11-17 19:32:41.613 | DEBUG    | main:lifespan:13 - Happy logging with Loguru!
2025-11-17 19:32:41.678 | INFO     | main:lifespan:15 - Connected to PostgreSQL and created the tables
2025-11-17 19:32:51.234 | INFO     | main:lifespan:19 - Application shutdown😴
2025-11-17 19:32:53.100 | DEBUG    | main:lifespan:13 - Happy logging with Loguru!
2025-11-17 19:32:53.158 | INFO     | main:lifespan:15 - Connected to PostgreSQL and created the tables
2025-11-17 21:12:10.803 | INFO     | main:lifespan:19 - Application shutdown😴
2025-11-17 21:12:13.843 | DEBUG    | main:lifespan:13 - Happy logging with Loguru!
2025-11-17 21:12:13.952 | INFO     | main:lifespan:15 - Connected to PostgreSQL and created the tables
2025-11-17 21:15:06.641 | INFO     | main:lifespan:19 - Application shutdown😴
2025-11-17 21:15:09.035 | DEBUG    | main:lifespan:13 - Happy logging with Loguru!
2025-11-17 21:15:09.162 | INFO     | main:lifespan:15 - Connected to PostgreSQL and created the tables
2025-11-17 21:15:39.928 | INFO     | main:lifespan:19 - Application shutdown😴
2025-11-17 21:15:42.510 | DEBUG    | main:lifespan:13 - Happy logging with Loguru!
2025-11-17 21:15:42.693 | INFO     | main:lifespan:15 - Connected to PostgreSQL and created the tables
2025-11-17 23:18:30.315 | INFO     | main:lifespan:19 - Application shutdown😴
2025-11-17 23:18:33.061 | DEBUG    | main:lifespan:13 - Happy logging with Loguru!
2025-11-17 23:18:33.225 | INFO     | main:lifespan:15 - Connected to PostgreSQL and created the tables
2025-11-17 23:18:40.051 | INFO     | main:lifespan:19 - Application shutdown😴
2025-11-17 23:18:42.525 | DEBUG    | main:lifespan:13 - Happy logging with Loguru!
2025-11-17 23:18:42.667 | INFO     | main:lifespan:15 - Connected to PostgreSQL and created the tables
2025-11-18 01:02:15.238 | INFO     | main:lifespan:19 - Application shutdown😴
2025-11-18 12:04:56.708 | DEBUG    | main:lifespan:13 - Happy logging with Loguru!
2025-11-18 12:04:56.828 | INFO     | main:lifespan:15 - Connected to PostgreSQL and created the tables
2025-11-18 23:25:39.072 | INFO     | main:lifespan:19 - Application shutdown😴
2025-11-20 16:01:21.243 | DEBUG    | main:lifespan:13 - Happy logging with Loguru!
2025-11-20 16:01:21.398 | INFO     | main:lifespan:15 - Connected to PostgreSQL and created the tables
2025-11-20 16:14:01.007 | INFO     | main:lifespan:19 - Application shutdown😴
2025-11-20 16:14:03.533 | DEBUG    | main:lifespan:13 - Happy logging with Loguru!
2025-11-20 16:14:03.650 | INFO     | main:lifespan:15 - Connected to PostgreSQL and created the tables
2025-11-20 16:15:17.041 | INFO     | main:lifespan:19 - Application shutdown😴
2025-11-20 16:15:19.599 | DEBUG    | main:lifespan:13 - Happy logging with Loguru!
2025-11-20 16:15:19.773 | INFO     | main:lifespan:15 - Connected to PostgreSQL and created the tables
2025-11-20 16:18:17.670 | INFO     | main:lifespan:19 - Application shutdown😴
2025-11-20 16:18:20.077 | DEBUG    | main:lifespan:13 - Happy logging with Loguru!
2025-11-20 16:18:20.201 | INFO     | main:lifespan:15 - Connected to PostgreSQL and created the tables
2025-11-20 16:18:26.578 | INFO     | main:lifespan:19 - Application shutdown😴
2025-11-20 16:18:33.956 | DEBUG    | main:lifespan:13 - Happy logging with Loguru!
2025-11-20 16:18:34.070 | INFO     | main:lifespan:15 - Connected to PostgreSQL and created the tables
2025-11-20 16:18:47.447 | INFO     | main:lifespan:19 - Application shutdown😴
2025-11-20 16:18:52.157 | DEBUG    | main:lifespan:13 - Happy logging with Loguru!
2025-11-20 16:18:52.353 | INFO     | main:lifespan:15 - Connected to PostgreSQL and created the tables
2025-11-20 16:24:05.974 | INFO     | main:lifespan:19 - Application shutdown😴
2025-11-20 16:24:08.506 | DEBUG    | main:lifespan:13 - Happy logging with Loguru!
2025-11-20 16:24:08.637 | INFO     | main:lifespan:15 - Connected to PostgreSQL and created the tables
2025-11-20 16:38:36.503 | INFO     | main:lifespan:19 - Application shutdown😴
2025-11-20 16:38:39.023 | DEBUG    | main:lifespan:13 - Happy logging with Loguru!
2025-11-20 16:38:39.231 | INFO     | main:lifespan:15 - Connected to PostgreSQL and created the tables
2025-11-20 20:37:26.135 | INFO     | main:lifespan:19 - Application shutdown😴
2025-11-20 20:37:38.934 | DEBUG    | main:lifespan:13 - Happy logging with Loguru!
2025-11-20 20:37:39.088 | INFO     | main:lifespan:15 - Connected to PostgreSQL and created the tables
2025-11-20 20:40:42.114 | INFO     | main:lifespan:19 - Application shutdown😴
2025-11-20 20:40:44.752 | DEBUG    | main:lifespan:13 - Happy logging with Loguru!
2025-11-20 20:40:44.927 | INFO     | main:lifespan:15 - Connected to PostgreSQL and created the tables
2025-11-20 20:47:09.373 | INFO     | main:lifespan:19 - Application shutdown😴
2025-11-20 20:47:11.829 | DEBUG    | main:lifespan:13 - Happy logging with Loguru!
2025-11-20 20:47:11.969 | INFO     | main:lifespan:15 - Connected to PostgreSQL and created the tables
2025-11-20 20:49:51.557 | INFO     | main:lifespan:19 - Application shutdown😴
2025-11-20 20:49:54.167 | DEBUG    | main:lifespan:13 - Happy logging with Loguru!
2025-11-20 20:49:54.323 | INFO     | main:lifespan:15 - Connected to PostgreSQL and created the tables
2025-11-20 20:54:57.583 | INFO     | main:lifespan:19 - Application shutdown😴
2025-11-20 20:54:59.697 | DEBUG    | main:lifespan:13 - Happy logging with Loguru!
2025-11-20 20:54:59.764 | INFO     | main:lifespan:15 - Connected to PostgreSQL and created the tables
2025-11-20 20:59:24.282 | INFO     | main:lifespan:19 - Application shutdown😴
2025-11-21 07:21:47.391 | DEBUG    | main:lifespan:13 - Happy logging with Loguru!
2025-11-21 07:24:46.740 | DEBUG    | main:lifespan:13 - Happy logging with Loguru!
2025-11-21 07:24:46.823 | INFO     | main:lifespan:15 - Connected to PostgreSQL and created the tables
2025-11-21 07:25:51.896 | INFO     | main:lifespan:19 - Application shutdown😴
2025-11-21 07:25:54.271 | DEBUG    | main:lifespan:14 - Happy logging with Loguru!
2025-11-21 07:27:01.657 | DEBUG    | main:lifespan:14 - Happy logging with Loguru!
2025-11-21 07:29:49.556 | DEBUG    | main:lifespan:14 - Happy logging with Loguru!
2025-11-21 07:29:49.727 | INFO     | main:lifespan:16 - Connected to PostgreSQL and created the tables
2025-11-21 07:29:59.803 | INFO     | main:lifespan:20 - Application shutdown😴
2025-11-21 07:30:10.762 | DEBUG    | main:lifespan:14 - Happy logging with Loguru!
2025-11-21 07:30:10.892 | INFO     | main:lifespan:16 - Connected to PostgreSQL and created the tables
2025-11-21 07:34:46.408 | INFO     | main:lifespan:20 - Application shutdown😴
2025-11-21 07:34:48.581 | DEBUG    | main:lifespan:14 - Happy logging with Loguru!
2025-11-21 07:34:48.715 | INFO     | main:lifespan:16 - Connected to PostgreSQL and created the tables
2025-11-21 07:35:52.962 | INFO     | main:lifespan:20 - Application shutdown😴
2025-11-21 07:35:55.209 | DEBUG    | main:lifespan:14 - Happy logging with Loguru!
2025-11-21 07:35:55.330 | INFO     | main:lifespan:16 - Connected to PostgreSQL and created the tables
2025-11-21 07:36:00.547 | INFO     | main:lifespan:20 - Application shutdown😴
2025-11-21 07:36:02.736 | DEBUG    | main:lifespan:14 - Happy logging with Loguru!
2025-11-21 07:36:02.850 | INFO     | main:lifespan:16 - Connected to PostgreSQL and created the tables
2025-11-21 07:36:41.892 | INFO     | main:lifespan:20 - Application shutdown😴
2025-11-21 07:36:44.091 | DEBUG    | main:lifespan:14 - Happy logging with Loguru!
2025-11-21 07:36:44.231 | INFO     | main:lifespan:16 - Connected to PostgreSQL and created the tables
2025-11-21 07:51:22.921 | INFO     | main:lifespan:20 - Application shutdown😴
2025-11-21 10:25:16.866 | DEBUG    | main:lifespan:13 - Happy logging with Loguru!
2025-11-21 10:25:17.109 | INFO     | main:lifespan:15 - Connected to PostgreSQL and created the tables
2025-11-21 11:07:16.489 | INFO     | main:lifespan:19 - Application shutdown😴
2025-11-21 11:07:20.853 | DEBUG    | main:lifespan:13 - Happy logging with Loguru!
2025-11-21 11:07:21.010 | INFO     | main:lifespan:15 - Connected to PostgreSQL and created the tables
2025-11-21 11:14:54.871 | INFO     | main:lifespan:19 - Application shutdown😴
2025-11-21 11:14:57.286 | DEBUG    | main:lifespan:13 - Happy logging with Loguru!
2025-11-21 11:14:57.407 | INFO     | main:lifespan:15 - Connected to PostgreSQL and created the tables
2025-11-21 11:19:19.659 | INFO     | main:lifespan:19 - Application shutdown😴
2025-11-21 11:19:22.223 | DEBUG    | main:lifespan:13 - Happy logging with Loguru!
2025-11-21 11:19:22.364 | INFO     | main:lifespan:15 - Connected to PostgreSQL and created the tables
2025-11-21 11:59:49.045 | INFO     | main:lifespan:19 - Application shutdown😴
2025-11-21 11:59:51.688 | DEBUG    | main:lifespan:13 - Happy logging with Loguru!
2025-11-21 11:59:51.829 | INFO     | main:lifespan:15 - Connected to PostgreSQL and created the tables
2025-11-21 12:00:07.544 | INFO     | main:lifespan:19 - Application shutdown😴
2025-11-21 12:00:14.556 | DEBUG    | main:lifespan:13 - Happy logging with Loguru!
2025-11-21 12:00:14.668 | INFO     | main:lifespan:15 - Connected to PostgreSQL and created the tables
2025-11-21 12:11:38.714 | INFO     | main:lifespan:19 - Application shutdown😴
2025-11-21 12:11:41.163 | DEBUG    | main:lifespan:13 - Happy logging with Loguru!
2025-11-21 12:11:41.272 | INFO     | main:lifespan:15 - Connected to PostgreSQL and created the tables
2025-11-21 20:17:50.646 | INFO     | main:lifespan:19 - Application shutdown😴
2025-12-05 18:06:06.341 | DEBUG    | main:lifespan:13 - Happy logging with Loguru!
2025-12-05 18:06:06.656 | INFO     | main:lifespan:15 - Connected to PostgreSQL and created the tables
2025-12-05 18:06:18.210 | INFO     | main:lifespan:19 - Application shutdown😴
2025-12-05 18:12:45.833 | DEBUG    | main:lifespan:13 - Happy logging with Loguru!
2025-12-05 18:12:45.975 | INFO     | main:lifespan:15 - Connected to PostgreSQL and created the tables
2025-12-06 11:04:28.206 | DEBUG    | main:lifespan:13 - Happy logging with Loguru!
2025-12-06 11:04:28.287 | INFO     | main:lifespan:15 - Connected to PostgreSQL and created the tables
2025-12-07 11:18:41.969 | DEBUG    | main:lifespan:13 - Happy logging with Loguru!
2025-12-07 11:18:42.298 | INFO     | main:lifespan:15 - Connected to PostgreSQL and created the tables
2025-12-08 09:52:33.431 | DEBUG    | main:lifespan:13 - Happy logging with Loguru!
2025-12-08 09:52:33.679 | INFO     | main:lifespan:15 - Connected to PostgreSQL and created the tables
2025-12-08 11:32:53.976 | DEBUG    | main:lifespan:13 - Happy logging with Loguru!
2025-12-08 11:32:54.211 | INFO     | main:lifespan:15 - Connected to PostgreSQL and created the tables
2025-12-09 16:18:59.149 | DEBUG    | main:lifespan:13 - Happy logging with Loguru!
2025-12-09 16:18:59.346 | INFO     | main:lifespan:15 - Connected to PostgreSQL and created the tables
2025-12-09 16:19:59.678 | DEBUG    | main:lifespan:13 - Happy logging with Loguru!
2025-12-09 16:19:59.792 | INFO     | main:lifespan:15 - Connected to PostgreSQL and created the tables
2025-12-10 17:13:40.755 | DEBUG    | main:lifespan:13 - Happy logging with Loguru!
2025-12-10 17:13:41.022 | INFO     | main:lifespan:15 - Connected to PostgreSQL and created the tables
2025-12-10 17:26:55.935 | INFO     | main:lifespan:19 - Application shutdown😴
2025-12-10 17:26:58.537 | DEBUG    | main:lifespan:13 - Happy logging with Loguru!
2025-12-10 17:26:58.655 | INFO     | main:lifespan:15 - Connected to PostgreSQL and created the tables
2025-12-10 17:29:52.315 | INFO     | main:lifespan:19 - Application shutdown😴
2025-12-10 17:29:54.633 | DEBUG    | main:lifespan:13 - Happy logging with Loguru!
2025-12-10 17:29:54.766 | INFO     | main:lifespan:15 - Connected to PostgreSQL and created the tables
2025-12-10 20:36:34.400 | INFO     | main:lifespan:19 - Application shutdown😴
2025-12-10 20:36:46.941 | DEBUG    | main:lifespan:13 - Happy logging with Loguru!
2025-12-10 20:36:47.017 | INFO     | main:lifespan:15 - Connected to PostgreSQL and created the tables
2025-12-10 20:53:08.301 | INFO     | main:lifespan:19 - Application shutdown😴
2025-12-11 09:58:42.761 | DEBUG    | main:lifespan:13 - Happy logging with Loguru!
2025-12-11 09:58:42.939 | INFO     | main:lifespan:15 - Connected to PostgreSQL and created the tables
2025-12-11 12:27:26.501 | INFO     | main:lifespan:19 - Application shutdown😴
2025-12-11 12:28:01.248 | DEBUG    | main:lifespan:13 - Happy logging with Loguru!
2025-12-11 12:28:01.401 | INFO     | main:lifespan:15 - Connected to PostgreSQL and created the tables
2025-12-11 12:33:26.903 | INFO     | main:lifespan:19 - Application shutdown😴
2025-12-11 12:33:29.682 | DEBUG    | main:lifespan:13 - Happy logging with Loguru!
2025-12-11 12:33:29.798 | INFO     | main:lifespan:15 - Connected to PostgreSQL and created the tables
2025-12-11 12:40:11.791 | INFO     | main:lifespan:19 - Application shutdown😴
2025-12-11 12:40:14.694 | DEBUG    | main:lifespan:13 - Happy logging with Loguru!
2025-12-11 12:40:14.749 | INFO     | main:lifespan:15 - Connected to PostgreSQL and created the tables
2025-12-11 12:40:34.836 | INFO     | main:lifespan:19 - Application shutdown😴
2025-12-11 12:40:37.549 | DEBUG    | main:lifespan:13 - Happy logging with Loguru!
2025-12-11 12:40:37.663 | INFO     | main:lifespan:15 - Connected to PostgreSQL and created the tables
2025-12-11 12:43:18.881 | INFO     | main:lifespan:19 - Application shutdown😴
2025-12-11 12:43:21.139 | DEBUG    | main:lifespan:13 - Happy logging with Loguru!
2025-12-11 12:43:21.212 | INFO     | main:lifespan:15 - Connected to PostgreSQL and created the tables
2025-12-11 12:44:35.015 | INFO     | main:lifespan:19 - Application shutdown😴
2025-12-11 12:44:37.737 | DEBUG    | main:lifespan:13 - Happy logging with Loguru!
2025-12-11 12:44:37.814 | INFO     | main:lifespan:15 - Connected to PostgreSQL and created the tables
2025-12-11 12:46:17.781 | INFO     | main:lifespan:19 - Application shutdown😴
2025-12-11 12:46:20.108 | DEBUG    | main:lifespan:13 - Happy logging with Loguru!
2025-12-11 12:46:20.184 | INFO     | main:lifespan:15 - Connected to PostgreSQL and created the tables
2025-12-11 12:52:04.611 | INFO     | main:lifespan:19 - Application shutdown😴
2025-12-11 12:52:06.669 | DEBUG    | main:lifespan:13 - Happy logging with Loguru!
2025-12-11 12:52:06.799 | INFO     | main:lifespan:15 - Connected to PostgreSQL and created the tables
2025-12-11 12:54:20.931 | INFO     | main:lifespan:19 - Application shutdown😴
2025-12-11 12:54:23.029 | DEBUG    | main:lifespan:13 - Happy logging with Loguru!
2025-12-11 12:54:23.111 | INFO     | main:lifespan:15 - Connected to PostgreSQL and created the tables
2025-12-11 13:12:15.449 | INFO     | main:lifespan:19 - Application shutdown😴
2025-12-11 13:12:17.711 | DEBUG    | main:lifespan:13 - Happy logging with Loguru!
2025-12-11 13:12:17.802 | INFO     | main:lifespan:15 - Connected to PostgreSQL and created the tables
2025-12-11 13:24:15.898 | INFO     | main:lifespan:19 - Application shutdown😴
2025-12-11 13:24:18.637 | DEBUG    | main:lifespan:13 - Happy logging with Loguru!
2025-12-11 13:24:18.722 | INFO     | main:lifespan:15 - Connected to PostgreSQL and created the tables
2025-12-11 14:08:32.912 | INFO     | main:lifespan:19 - Application shutdown😴
2025-12-11 14:08:35.838 | DEBUG    | main:lifespan:13 - Happy logging with Loguru!
2025-12-11 14:08:35.973 | INFO     | main:lifespan:15 - Connected to PostgreSQL and created the tables
2025-12-12 10:21:47.470 | DEBUG    | main:lifespan:13 - Happy logging with Loguru!
2025-12-12 10:21:47.562 | INFO     | main:lifespan:15 - Connected to PostgreSQL and created the tables
2025-12-12 10:26:43.585 | INFO     | main:lifespan:19 - Application shutdown😴
2025-12-12 10:26:45.644 | DEBUG    | main:lifespan:13 - Happy logging with Loguru!
2025-12-12 10:26:45.710 | INFO     | main:lifespan:15 - Connected to PostgreSQL and created the tables
2025-12-12 10:29:54.769 | INFO     | main:lifespan:19 - Application shutdown😴
2025-12-12 10:30:42.202 | DEBUG    | main:lifespan:13 - Happy logging with Loguru!
2025-12-12 10:30:42.289 | INFO     | main:lifespan:15 - Connected to PostgreSQL and created the tables
2025-12-12 10:31:59.749 | INFO     | main:lifespan:19 - Application shutdown😴
2025-12-12 10:32:01.982 | DEBUG    | main:lifespan:13 - Happy logging with Loguru!
2025-12-12 10:32:02.041 | INFO     | main:lifespan:15 - Connected to PostgreSQL and created the tables
2025-12-12 10:32:18.128 | INFO     | main:lifespan:19 - Application shutdown😴
2025-12-12 10:32:19.837 | DEBUG    | main:lifespan:13 - Happy logging with Loguru!
2025-12-12 10:32:19.890 | INFO     | main:lifespan:15 - Connected to PostgreSQL and created the tables
2025-12-12 16:31:38.352 | DEBUG    | main:lifespan:13 - Happy logging with Loguru!
2025-12-12 16:31:38.492 | INFO     | main:lifespan:15 - Connected to PostgreSQL and created the tables
2025-12-13 10:42:11.006 | DEBUG    | main:lifespan:13 - Happy logging with Loguru!
2025-12-13 10:42:11.252 | INFO     | main:lifespan:15 - Connected to PostgreSQL and created the tables
2025-12-13 11:07:38.231 | INFO     | main:lifespan:19 - Application shutdown😴
2025-12-13 11:07:44.210 | DEBUG    | main:lifespan:13 - Happy logging with Loguru!
2025-12-13 11:07:44.346 | INFO     | main:lifespan:15 - Connected to PostgreSQL and created the tables
2025-12-13 11:10:23.090 | INFO     | main:lifespan:19 - Application shutdown😴
2025-12-13 11:10:25.212 | DEBUG    | main:lifespan:13 - Happy logging with Loguru!
2025-12-13 11:10:25.479 | INFO     | main:lifespan:15 - Connected to PostgreSQL and created the tables
2025-12-13 11:10:28.735 | INFO     | main:lifespan:19 - Application shutdown😴
2025-12-13 11:10:30.843 | DEBUG    | main:lifespan:13 - Happy logging with Loguru!
2025-12-13 11:10:30.955 | INFO     | main:lifespan:15 - Connected to PostgreSQL and created the tables
2025-12-13 11:10:42.157 | INFO     | main:lifespan:19 - Application shutdown😴
2025-12-13 11:10:44.333 | DEBUG    | main:lifespan:13 - Happy logging with Loguru!
2025-12-13 11:10:44.431 | INFO     | main:lifespan:15 - Connected to PostgreSQL and created the tables
2025-12-13 11:10:46.707 | INFO     | main:lifespan:19 - Application shutdown😴
2025-12-13 11:10:48.889 | DEBUG    | main:lifespan:13 - Happy logging with Loguru!
2025-12-13 11:10:49.006 | INFO     | main:lifespan:15 - Connected to PostgreSQL and created the tables
2025-12-13 11:10:56.570 | INFO     | main:lifespan:19 - Application shutdown😴
2025-12-13 11:10:58.585 | DEBUG    | main:lifespan:13 - Happy logging with Loguru!
2025-12-13 11:10:58.812 | INFO     | main:lifespan:15 - Connected to PostgreSQL and created the tables
2025-12-13 11:11:09.475 | INFO     | main:lifespan:19 - Application shutdown😴
2025-12-13 11:11:11.923 | DEBUG    | main:lifespan:13 - Happy logging with Loguru!
2025-12-13 11:11:12.059 | INFO     | main:lifespan:15 - Connected to PostgreSQL and created the tables
2025-12-13 11:11:13.666 | INFO     | main:lifespan:19 - Application shutdown😴
2025-12-13 11:11:15.892 | DEBUG    | main:lifespan:13 - Happy logging with Loguru!
2025-12-13 11:11:16.001 | INFO     | main:lifespan:15 - Connected to PostgreSQL and created the tables
2025-12-13 11:11:20.205 | INFO     | main:lifespan:19 - Application shutdown😴
2025-12-13 11:11:22.249 | DEBUG    | main:lifespan:13 - Happy logging with Loguru!
2025-12-13 11:11:22.399 | INFO     | main:lifespan:15 - Connected to PostgreSQL and created the tables
2025-12-13 11:43:36.015 | INFO     | main:lifespan:19 - Application shutdown😴
2025-12-13 11:43:37.922 | DEBUG    | main:lifespan:13 - Happy logging with Loguru!
2025-12-13 11:43:37.985 | INFO     | main:lifespan:15 - Connected to PostgreSQL and created the tables
2025-12-13 11:45:13.630 | INFO     | main:lifespan:19 - Application shutdown😴
2025-12-13 11:45:15.256 | DEBUG    | main:lifespan:13 - Happy logging with Loguru!
2025-12-13 11:45:15.332 | INFO     | main:lifespan:15 - Connected to PostgreSQL and created the tables
2025-12-13 12:26:37.253 | INFO     | main:lifespan:19 - Application shutdown😴
2025-12-13 12:26:39.186 | DEBUG    | main:lifespan:13 - Happy logging with Loguru!
2025-12-13 12:26:39.275 | INFO     | main:lifespan:15 - Connected to PostgreSQL and created the tables
2025-12-13 12:27:01.938 | INFO     | main:lifespan:19 - Application shutdown😴
2025-12-13 12:27:03.623 | DEBUG    | main:lifespan:13 - Happy logging with Loguru!
2025-12-13 12:27:03.694 | INFO     | main:lifespan:15 - Connected to PostgreSQL and created the tables
2025-12-13 16:26:50.127 | INFO     | main:lifespan:19 - Application shutdown😴
2025-12-13 16:27:06.010 | DEBUG    | main:lifespan:13 - Happy logging with Loguru!
2025-12-13 16:27:06.182 | INFO     | main:lifespan:15 - Connected to PostgreSQL and created the tables
2025-12-13 16:35:37.756 | INFO     | main:lifespan:19 - Application shutdown😴
2025-12-13 16:35:39.859 | DEBUG    | main:lifespan:13 - Happy logging with Loguru!
2025-12-13 16:35:39.938 | INFO     | main:lifespan:15 - Connected to PostgreSQL and created the tables
2025-12-13 17:00:49.832 | INFO     | main:lifespan:19 - Application shutdown😴
2025-12-13 17:01:00.433 | DEBUG    | main:lifespan:13 - Happy logging with Loguru!
2025-12-13 17:01:00.509 | INFO     | main:lifespan:15 - Connected to PostgreSQL and created the tables
2025-12-13 18:50:04.647 | INFO     | main:lifespan:19 - Application shutdown😴
2025-12-13 18:50:07.484 | DEBUG    | main:lifespan:13 - Happy logging with Loguru!
2025-12-13 18:50:07.624 | INFO     | main:lifespan:15 - Connected to PostgreSQL and created the tables
2025-12-13 18:50:33.381 | INFO     | main:lifespan:19 - Application shutdown😴
2025-12-13 18:50:35.904 | DEBUG    | main:lifespan:13 - Happy logging with Loguru!
2025-12-13 18:50:36.013 | INFO     | main:lifespan:15 - Connected to PostgreSQL and created the tables
2025-12-13 18:52:12.042 | INFO     | main:lifespan:19 - Application shutdown😴
2025-12-13 18:52:14.446 | DEBUG    | main:lifespan:13 - Happy logging with Loguru!
2025-12-13 18:52:14.555 | INFO     | main:lifespan:15 - Connected to PostgreSQL and created the tables
2025-12-13 18:52:52.085 | INFO     | main:lifespan:19 - Application shutdown😴
2025-12-13 18:52:54.606 | DEBUG    | main:lifespan:13 - Happy logging with Loguru!
2025-12-13 18:52:54.738 | INFO     | main:lifespan:15 - Connected to PostgreSQL and created the tables
2025-12-13 18:53:25.842 | INFO     | main:lifespan:19 - Application shutdown😴
2025-12-13 18:53:28.373 | DEBUG    | main:lifespan:13 - Happy logging with Loguru!
2025-12-13 18:53:28.503 | INFO     | main:lifespan:15 - Connected to PostgreSQL and created the tables
2025-12-13 18:53:51.603 | INFO     | main:lifespan:19 - Application shutdown😴
2025-12-13 18:53:54.545 | DEBUG    | main:lifespan:13 - Happy logging with Loguru!
2025-12-13 18:53:54.700 | INFO     | main:lifespan:15 - Connected to PostgreSQL and created the tables
2025-12-13 18:58:13.011 | INFO     | main:lifespan:19 - Application shutdown😴
2025-12-13 18:58:15.379 | DEBUG    | main:lifespan:13 - Happy logging with Loguru!
2025-12-13 18:58:15.542 | INFO     | main:lifespan:15 - Connected to PostgreSQL and created the tables
2025-12-13 19:05:28.662 | INFO     | main:lifespan:19 - Application shutdown😴
2025-12-13 19:05:40.186 | DEBUG    | main:lifespan:13 - Happy logging with Loguru!
2025-12-13 19:05:40.296 | INFO     | main:lifespan:15 - Connected to PostgreSQL and created the tables
2025-12-13 20:58:30.399 | INFO     | main:lifespan:19 - Application shutdown😴
2025-12-13 20:58:33.248 | DEBUG    | main:lifespan:13 - Happy logging with Loguru!
2025-12-13 20:58:33.333 | INFO     | main:lifespan:15 - Connected to PostgreSQL and created the tables
2025-12-13 20:59:23.939 | INFO     | main:lifespan:19 - Application shutdown😴
2025-12-13 20:59:25.765 | DEBUG    | main:lifespan:13 - Happy logging with Loguru!
2025-12-13 20:59:25.821 | INFO     | main:lifespan:15 - Connected to PostgreSQL and created the tables
2025-12-13 21:00:46.868 | INFO     | main:lifespan:19 - Application shutdown😴
2025-12-13 21:00:49.223 | DEBUG    | main:lifespan:13 - Happy logging with Loguru!
2025-12-13 21:00:49.290 | INFO     | main:lifespan:15 - Connected to PostgreSQL and created the tables
2025-12-13 21:00:53.523 | INFO     | main:lifespan:19 - Application shutdown😴
2025-12-13 21:00:55.672 | DEBUG    | main:lifespan:13 - Happy logging with Loguru!
2025-12-13 21:00:55.752 | INFO     | main:lifespan:15 - Connected to PostgreSQL and created the tables
2025-12-13 21:00:58.478 | INFO     | main:lifespan:19 - Application shutdown😴
2025-12-13 21:01:00.843 | DEBUG    | main:lifespan:13 - Happy logging with Loguru!
2025-12-13 21:01:00.908 | INFO     | main:lifespan:15 - Connected to PostgreSQL and created the tables
2025-12-13 21:01:11.472 | INFO     | main:lifespan:19 - Application shutdown😴
2025-12-13 21:01:13.501 | DEBUG    | main:lifespan:13 - Happy logging with Loguru!
2025-12-13 21:01:13.564 | INFO     | main:lifespan:15 - Connected to PostgreSQL and created the tables
2025-12-13 21:01:16.660 | INFO     | main:lifespan:19 - Application shutdown😴
2025-12-13 21:01:18.565 | DEBUG    | main:lifespan:13 - Happy logging with Loguru!
2025-12-13 21:01:18.640 | INFO     | main:lifespan:15 - Connected to PostgreSQL and created the tables
2025-12-28 15:17:34.454 | DEBUG    | main:lifespan:13 - Happy logging with Loguru!
2025-12-28 15:17:34.607 | INFO     | main:lifespan:15 - Connected to PostgreSQL and created the tables
2025-12-29 10:35:38.143 | DEBUG    | main:lifespan:13 - Happy logging with Loguru!
2025-12-29 10:35:38.279 | INFO     | main:lifespan:15 - Connected to PostgreSQL and created the tables
2025-12-29 10:56:30.368 | DEBUG    | main:lifespan:13 - Happy logging with Loguru!
2025-12-29 10:56:30.480 | INFO     | main:lifespan:15 - Connected to PostgreSQL and created the tables
2025-12-29 14:27:16.373 | INFO     | main:lifespan:19 - Application shutdown😴
2025-12-29 14:27:29.499 | DEBUG    | main:lifespan:13 - Happy logging with Loguru!
2025-12-29 14:27:29.626 | INFO     | main:lifespan:15 - Connected to PostgreSQL and created the tables
2025-12-29 14:27:32.049 | DEBUG    | main:lifespan:13 - Happy logging with Loguru!
2025-12-29 14:27:32.203 | INFO     | main:lifespan:15 - Connected to PostgreSQL and created the tables
2025-12-29 14:28:15.317 | INFO     | main:lifespan:19 - Application shutdown😴
2025-12-29 14:28:18.599 | DEBUG    | main:lifespan:13 - Happy logging with Loguru!
2025-12-29 14:28:18.774 | INFO     | main:lifespan:15 - Connected to PostgreSQL and created the tables
2025-12-29 14:29:12.016 | INFO     | main:lifespan:19 - Application shutdown😴
2025-12-29 14:29:14.347 | DEBUG    | main:lifespan:13 - Happy logging with Loguru!
2025-12-29 14:29:14.468 | INFO     | main:lifespan:15 - Connected to PostgreSQL and created the tables
2025-12-29 14:35:33.521 | INFO     | main:lifespan:19 - Application shutdown😴
2025-12-29 14:35:36.190 | DEBUG    | main:lifespan:13 - Happy logging with Loguru!
2025-12-29 14:35:36.361 | INFO     | main:lifespan:15 - Connected to PostgreSQL and created the tables
2025-12-29 14:37:02.476 | INFO     | main:lifespan:19 - Application shutdown😴
2025-12-29 14:37:04.857 | DEBUG    | main:lifespan:13 - Happy logging with Loguru!
2025-12-29 14:37:04.977 | INFO     | main:lifespan:15 - Connected to PostgreSQL and created the tables
2025-12-29 16:20:08.094 | INFO     | main:lifespan:19 - Application shutdown😴
2025-12-29 16:20:10.902 | DEBUG    | main:lifespan:13 - Happy logging with Loguru!
2025-12-29 16:20:11.038 | INFO     | main:lifespan:15 - Connected to PostgreSQL and created the tables
2025-12-29 16:20:59.572 | INFO     | main:lifespan:19 - Application shutdown😴
2025-12-29 16:21:09.603 | DEBUG    | main:lifespan:13 - Happy logging with Loguru!
2025-12-29 16:21:09.743 | INFO     | main:lifespan:15 - Connected to PostgreSQL and created the tables
2025-12-29 16:29:35.645 | INFO     | main:lifespan:19 - Application shutdown😴
2025-12-29 16:29:38.035 | DEBUG    | main:lifespan:13 - Happy logging with Loguru!
2025-12-29 16:29:38.143 | INFO     | main:lifespan:15 - Connected to PostgreSQL and created the tables
2025-12-29 16:29:47.381 | INFO     | main:lifespan:19 - Application shutdown😴
2025-12-29 16:29:49.807 | DEBUG    | main:lifespan:13 - Happy logging with Loguru!
2025-12-29 16:29:49.921 | INFO     | main:lifespan:15 - Connected to PostgreSQL and created the tables
2025-12-29 16:34:12.259 | INFO     | main:lifespan:19 - Application shutdown😴
2025-12-29 16:34:14.660 | DEBUG    | main:lifespan:13 - Happy logging with Loguru!
2025-12-29 16:34:14.802 | INFO     | main:lifespan:15 - Connected to PostgreSQL and created the tables
2025-12-29 16:34:59.961 | INFO     | main:lifespan:19 - Application shutdown😴
2025-12-29 16:35:02.457 | DEBUG    | main:lifespan:13 - Happy logging with Loguru!
2025-12-29 16:35:02.609 | INFO     | main:lifespan:15 - Connected to PostgreSQL and created the tables
2025-12-29 16:41:34.262 | INFO     | main:lifespan:19 - Application shutdown😴
2025-12-29 16:41:36.582 | DEBUG    | main:lifespan:13 - Happy logging with Loguru!
2025-12-29 16:41:36.678 | INFO     | main:lifespan:15 - Connected to PostgreSQL and created the tables
2025-12-29 16:42:58.077 | INFO     | main:lifespan:19 - Application shutdown😴
2025-12-29 16:43:00.568 | DEBUG    | main:lifespan:13 - Happy logging with Loguru!
2025-12-29 16:43:00.665 | INFO     | main:lifespan:15 - Connected to PostgreSQL and created the tables
2025-12-29 16:43:08.212 | INFO     | main:lifespan:19 - Application shutdown😴
2025-12-29 16:43:10.597 | DEBUG    | main:lifespan:13 - Happy logging with Loguru!
2025-12-29 16:43:10.713 | INFO     | main:lifespan:15 - Connected to PostgreSQL and created the tables
2025-12-29 16:51:32.658 | INFO     | main:lifespan:19 - Application shutdown😴
2025-12-29 16:51:35.050 | DEBUG    | main:lifespan:13 - Happy logging with Loguru!
2025-12-29 16:51:35.191 | INFO     | main:lifespan:15 - Connected to PostgreSQL and created the tables
2025-12-29 17:40:16.507 | INFO     | main:lifespan:19 - Application shutdown😴
2025-12-29 17:40:19.198 | DEBUG    | main:lifespan:13 - Happy logging with Loguru!
2025-12-29 17:40:19.380 | INFO     | main:lifespan:15 - Connected to PostgreSQL and created the tables
2025-12-29 17:40:44.655 | INFO     | main:lifespan:19 - Application shutdown😴
2025-12-29 17:40:48.760 | DEBUG    | main:lifespan:13 - Happy logging with Loguru!
2025-12-29 17:40:48.917 | INFO     | main:lifespan:15 - Connected to PostgreSQL and created the tables
2025-12-29 17:42:45.520 | INFO     | main:lifespan:19 - Application shutdown😴
2025-12-29 17:43:46.186 | DEBUG    | main:lifespan:13 - Happy logging with Loguru!
2025-12-29 17:43:46.287 | INFO     | main:lifespan:15 - Connected to PostgreSQL and created the tables
2025-12-29 17:46:24.690 | INFO     | main:lifespan:19 - Application shutdown😴
2025-12-29 17:46:27.273 | DEBUG    | main:lifespan:13 - Happy logging with Loguru!
2025-12-29 17:46:27.408 | INFO     | main:lifespan:15 - Connected to PostgreSQL and created the tables
2025-12-29 17:48:03.108 | INFO     | main:lifespan:19 - Application shutdown😴
2025-12-29 17:48:05.478 | DEBUG    | main:lifespan:13 - Happy logging with Loguru!
2025-12-29 17:48:05.568 | INFO     | main:lifespan:15 - Connected to PostgreSQL and created the tables
2025-12-29 17:51:54.588 | INFO     | main:lifespan:19 - Application shutdown😴
2025-12-29 17:51:57.180 | DEBUG    | main:lifespan:13 - Happy logging with Loguru!
2025-12-29 17:51:57.293 | INFO     | main:lifespan:15 - Connected to PostgreSQL and created the tables
2025-12-29 17:52:23.568 | INFO     | main:lifespan:19 - Application shutdown😴
2025-12-29 17:52:25.977 | DEBUG    | main:lifespan:13 - Happy logging with Loguru!
2025-12-29 17:52:26.126 | INFO     | main:lifespan:15 - Connected to PostgreSQL and created the tables
2026-01-09 12:45:45.307 | DEBUG    | main:lifespan:13 - Happy logging with Loguru!
2026-01-09 12:45:45.478 | INFO     | main:lifespan:15 - Connected to PostgreSQL and created the tables
2026-01-09 12:53:56.164 | INFO     | main:lifespan:19 - Application shutdown😴
2026-01-09 12:53:58.936 | DEBUG    | main:lifespan:13 - Happy logging with Loguru!
2026-01-09 12:53:59.025 | INFO     | main:lifespan:15 - Connected to PostgreSQL and created the tables
2026-01-10 13:41:55.169 | DEBUG    | main:lifespan:13 - Happy logging with Loguru!
2026-01-10 13:41:55.298 | INFO     | main:lifespan:15 - Connected to PostgreSQL and created the tables
2026-01-12 16:09:57.739 | DEBUG    | main:lifespan:13 - Happy logging with Loguru!
2026-01-12 16:09:57.868 | INFO     | main:lifespan:15 - Connected to PostgreSQL and created the tables
2026-01-12 16:19:35.189 | INFO     | main:lifespan:19 - Application shutdown😴
2026-01-12 16:19:37.252 | DEBUG    | main:lifespan:13 - Happy logging with Loguru!
2026-01-12 16:19:37.320 | INFO     | main:lifespan:15 - Connected to PostgreSQL and created the tables
2026-01-13 08:39:25.194 | DEBUG    | main:lifespan:13 - Happy logging with Loguru!
2026-01-13 08:39:25.480 | INFO     | main:lifespan:15 - Connected to PostgreSQL and created the tables
2026-01-13 08:42:34.558 | INFO     | main:lifespan:19 - Application shutdown😴
2026-01-13 08:42:37.271 | DEBUG    | main:lifespan:13 - Happy logging with Loguru!
2026-01-13 08:42:37.330 | INFO     | main:lifespan:15 - Connected to PostgreSQL and created the tables
2026-01-13 08:50:15.043 | INFO     | main:lifespan:19 - Application shutdown😴
2026-01-13 08:50:17.346 | DEBUG    | main:lifespan:13 - Happy logging with Loguru!
2026-01-13 08:50:17.412 | INFO     | main:lifespan:15 - Connected to PostgreSQL and created the tables
2026-01-13 08:50:26.385 | INFO     | main:lifespan:19 - Application shutdown😴
2026-01-13 08:50:28.669 | DEBUG    | main:lifespan:13 - Happy logging with Loguru!
2026-01-13 08:50:28.735 | INFO     | main:lifespan:15 - Connected to PostgreSQL and created the tables
2026-01-13 18:31:16.925 | INFO     | main:lifespan:19 - Application shutdown😴
2026-01-13 18:31:31.133 | DEBUG    | main:lifespan:13 - Happy logging with Loguru!
2026-01-13 18:31:31.207 | INFO     | main:lifespan:15 - Connected to PostgreSQL and created the tables
2026-01-13 22:51:41.534 | INFO     | main:lifespan:19 - Application shutdown😴
2026-01-14 08:01:30.950 | DEBUG    | main:lifespan:13 - Happy logging with Loguru!
2026-01-14 08:01:31.093 | INFO     | main:lifespan:15 - Connected to PostgreSQL and created the tables
2026-01-15 09:39:48.119 | DEBUG    | main:lifespan:13 - Happy logging with Loguru!
2026-01-15 09:39:48.200 | INFO     | main:lifespan:15 - Connected to PostgreSQL and created the tables
2026-01-15 20:44:54.075 | INFO     | main:lifespan:19 - Application shutdown😴
2026-01-15 20:44:56.579 | DEBUG    | main:lifespan:13 - Happy logging with Loguru!
2026-01-15 20:44:56.672 | INFO     | main:lifespan:15 - Connected to PostgreSQL and created the tables
2026-01-15 20:50:59.403 | INFO     | main:lifespan:19 - Application shutdown😴
2026-01-15 20:51:01.699 | DEBUG    | main:lifespan:13 - Happy logging with Loguru!
2026-01-15 20:51:01.753 | INFO     | main:lifespan:15 - Connected to PostgreSQL and created the tables
2026-01-16 09:41:51.302 | DEBUG    | main:lifespan:13 - Happy logging with Loguru!
2026-01-16 09:41:51.397 | INFO     | main:lifespan:15 - Connected to PostgreSQL and created the tables
2026-01-16 10:03:48.384 | INFO     | main:lifespan:19 - Application shutdown😴
2026-01-17 09:29:35.523 | DEBUG    | main:lifespan:13 - Happy logging with Loguru!
2026-01-17 09:29:35.602 | INFO     | main:lifespan:15 - Connected to PostgreSQL and created the tables
2026-01-18 10:54:02.757 | DEBUG    | main:lifespan:13 - Happy logging with Loguru!
2026-01-18 10:54:02.856 | INFO     | main:lifespan:15 - Connected to PostgreSQL and created the tables
2026-01-18 11:07:28.041 | INFO     | main:lifespan:19 - Application shutdown😴
2026-01-18 11:07:41.974 | DEBUG    | main:lifespan:13 - Happy logging with Loguru!
2026-01-18 11:07:42.142 | INFO     | main:lifespan:15 - Connected to PostgreSQL and created the tables
2026-01-18 11:08:42.687 | INFO     | main:lifespan:19 - Application shutdown😴
2026-01-18 11:08:45.156 | DEBUG    | main:lifespan:13 - Happy logging with Loguru!
2026-01-18 11:08:45.239 | INFO     | main:lifespan:15 - Connected to PostgreSQL and created the tables
2026-01-18 11:10:32.206 | INFO     | main:lifespan:19 - Application shutdown😴
2026-01-18 11:10:34.788 | DEBUG    | main:lifespan:13 - Happy logging with Loguru!
2026-01-18 11:10:34.884 | INFO     | main:lifespan:15 - Connected to PostgreSQL and created the tables
2026-01-18 11:11:01.969 | INFO     | main:lifespan:19 - Application shutdown😴
2026-01-18 11:11:04.535 | DEBUG    | main:lifespan:13 - Happy logging with Loguru!
2026-01-18 11:11:04.612 | INFO     | main:lifespan:15 - Connected to PostgreSQL and created the tables
2026-01-18 11:12:23.966 | INFO     | main:lifespan:19 - Application shutdown😴
2026-01-18 11:12:26.593 | DEBUG    | main:lifespan:13 - Happy logging with Loguru!
2026-01-18 11:12:26.669 | INFO     | main:lifespan:15 - Connected to PostgreSQL and created the tables
2026-01-18 11:39:52.570 | INFO     | main:lifespan:19 - Application shutdown😴
2026-01-18 11:39:55.487 | DEBUG    | main:lifespan:13 - Happy logging with Loguru!
2026-01-18 11:39:55.640 | INFO     | main:lifespan:15 - Connected to PostgreSQL and created the tables
2026-01-18 14:51:15.979 | INFO     | main:lifespan:19 - Application shutdown😴
2026-01-18 14:51:18.999 | DEBUG    | main:lifespan:13 - Happy logging with Loguru!
2026-01-18 14:51:19.085 | INFO     | main:lifespan:15 - Connected to PostgreSQL and created the tables
2026-01-18 15:02:44.987 | INFO     | main:lifespan:19 - Application shutdown😴
2026-01-18 15:02:47.854 | DEBUG    | main:lifespan:13 - Happy logging with Loguru!
2026-01-18 15:02:47.962 | INFO     | main:lifespan:15 - Connected to PostgreSQL and created the tables
2026-01-18 15:04:28.830 | INFO     | main:lifespan:19 - Application shutdown😴
2026-01-18 15:04:31.211 | DEBUG    | main:lifespan:13 - Happy logging with Loguru!
2026-01-18 15:04:31.292 | INFO     | main:lifespan:15 - Connected to PostgreSQL and created the tables
2026-01-18 19:37:07.805 | INFO     | main:lifespan:19 - Application shutdown😴
2026-01-18 19:37:10.007 | DEBUG    | main:lifespan:13 - Happy logging with Loguru!
2026-01-18 19:37:10.080 | INFO     | main:lifespan:15 - Connected to PostgreSQL and created the tables
2026-01-19 11:10:22.755 | DEBUG    | main:lifespan:13 - Happy logging with Loguru!
2026-01-19 11:10:22.897 | INFO     | main:lifespan:15 - Connected to PostgreSQL and created the tables
2026-01-19 11:17:39.079 | INFO     | main:lifespan:19 - Application shutdown😴
2026-01-19 11:17:40.935 | DEBUG    | main:lifespan:13 - Happy logging with Loguru!
2026-01-19 11:17:40.997 | INFO     | main:lifespan:15 - Connected to PostgreSQL and created the tables
2026-01-19 11:19:37.870 | INFO     | main:lifespan:19 - Application shutdown😴
2026-01-19 11:19:39.983 | DEBUG    | main:lifespan:13 - Happy logging with Loguru!
2026-01-19 11:19:40.049 | INFO     | main:lifespan:15 - Connected to PostgreSQL and created the tables
2026-01-19 11:19:42.212 | DEBUG    | main:lifespan:13 - Happy logging with Loguru!
2026-01-19 11:19:42.282 | INFO     | main:lifespan:15 - Connected to PostgreSQL and created the tables
2026-01-19 11:48:36.180 | INFO     | main:lifespan:19 - Application shutdown😴
2026-01-19 11:48:38.599 | DEBUG    | main:lifespan:13 - Happy logging with Loguru!
2026-01-19 11:48:38.669 | INFO     | main:lifespan:15 - Connected to PostgreSQL and created the tables
2026-01-19 11:48:41.433 | INFO     | main:lifespan:19 - Application shutdown😴
2026-01-19 11:48:53.531 | DEBUG    | main:lifespan:13 - Happy logging with Loguru!
2026-01-19 11:48:53.600 | INFO     | main:lifespan:15 - Connected to PostgreSQL and created the tables
2026-01-19 11:49:07.316 | INFO     | main:lifespan:19 - Application shutdown😴
2026-01-19 11:49:09.612 | DEBUG    | main:lifespan:13 - Happy logging with Loguru!
2026-01-19 11:49:09.710 | INFO     | main:lifespan:15 - Connected to PostgreSQL and created the tables
2026-01-19 11:49:16.725 | INFO     | main:lifespan:19 - Application shutdown😴
2026-01-19 11:49:26.464 | DEBUG    | main:lifespan:13 - Happy logging with Loguru!
2026-01-19 11:49:26.536 | INFO     | main:lifespan:15 - Connected to PostgreSQL and created the tables
2026-01-19 11:52:23.078 | INFO     | main:lifespan:19 - Application shutdown😴
2026-01-19 11:52:25.206 | DEBUG    | main:lifespan:13 - Happy logging with Loguru!
2026-01-19 11:52:25.277 | INFO     | main:lifespan:15 - Connected to PostgreSQL and created the tables
2026-01-19 14:34:25.351 | INFO     | main:lifespan:19 - Application shutdown😴
2026-01-19 14:34:28.227 | DEBUG    | main:lifespan:13 - Happy logging with Loguru!
2026-01-19 14:34:28.334 | INFO     | main:lifespan:15 - Connected to PostgreSQL and created the tables
2026-01-19 14:40:32.202 | INFO     | main:lifespan:19 - Application shutdown😴
2026-01-19 14:40:34.712 | DEBUG    | main:lifespan:13 - Happy logging with Loguru!
2026-01-19 14:40:34.816 | INFO     | main:lifespan:15 - Connected to PostgreSQL and created the tables
2026-01-19 20:40:40.729 | DEBUG    | main:lifespan:13 - Happy logging with Loguru!
2026-01-19 20:40:40.870 | INFO     | main:lifespan:15 - Connected to PostgreSQL and created the tables
2026-01-23 16:11:44.874 | DEBUG    | main:lifespan:13 - Happy logging with Loguru!
2026-01-23 16:11:44.995 | INFO     | main:lifespan:15 - Connected to PostgreSQL and created the tables
2026-01-24 10:31:03.352 | DEBUG    | main:lifespan:13 - Happy logging with Loguru!
2026-01-24 10:31:03.449 | INFO     | main:lifespan:15 - Connected to PostgreSQL and created the tables
2026-01-24 22:38:47.919 | INFO     | main:lifespan:19 - Application shutdown😴
2026-01-24 22:39:01.819 | DEBUG    | main:lifespan:13 - Happy logging with Loguru!
2026-01-24 22:39:01.892 | INFO     | main:lifespan:15 - Connected to PostgreSQL and created the tables
2026-02-05 22:48:00.631 | DEBUG    | main:lifespan:13 - Happy logging with Loguru!
2026-02-05 22:48:00.782 | INFO     | main:lifespan:15 - Connected to PostgreSQL and created the tables
2026-02-05 23:26:00.458 | INFO     | main:lifespan:19 - Application shutdown😴
2026-02-05 23:26:02.994 | DEBUG    | main:lifespan:13 - Happy logging with Loguru!
2026-02-05 23:26:03.105 | INFO     | main:lifespan:15 - Connected to PostgreSQL and created the tables
2026-02-05 23:26:43.331 | INFO     | main:lifespan:19 - Application shutdown😴
2026-02-05 23:26:46.450 | DEBUG    | main:lifespan:13 - Happy logging with Loguru!
2026-02-05 23:26:46.532 | INFO     | main:lifespan:15 - Connected to PostgreSQL and created the tables
2026-02-05 23:31:22.675 | INFO     | main:lifespan:19 - Application shutdown😴
2026-02-05 23:31:25.252 | DEBUG    | main:lifespan:13 - Happy logging with Loguru!
2026-02-05 23:31:25.330 | INFO     | main:lifespan:15 - Connected to PostgreSQL and created the tables
2026-02-05 23:33:50.653 | INFO     | main:lifespan:19 - Application shutdown😴
2026-02-05 23:33:53.670 | DEBUG    | main:lifespan:13 - Happy logging with Loguru!
2026-02-05 23:33:53.748 | INFO     | main:lifespan:15 - Connected to PostgreSQL and created the tables
2026-02-05 23:34:34.750 | INFO     | main:lifespan:19 - Application shutdown😴
2026-02-05 23:34:37.352 | DEBUG    | main:lifespan:13 - Happy logging with Loguru!
2026-02-05 23:34:37.464 | INFO     | main:lifespan:15 - Connected to PostgreSQL and created the tables
2026-02-05 23:35:25.737 | INFO     | main:lifespan:19 - Application shutdown😴
2026-02-05 23:35:28.276 | DEBUG    | main:lifespan:13 - Happy logging with Loguru!
2026-02-05 23:35:28.346 | INFO     | main:lifespan:15 - Connected to PostgreSQL and created the tables
2026-02-05 23:42:42.441 | INFO     | main:lifespan:19 - Application shutdown😴
2026-02-05 23:42:44.956 | DEBUG    | main:lifespan:13 - Happy logging with Loguru!
2026-02-05 23:42:45.032 | INFO     | main:lifespan:15 - Connected to PostgreSQL and created the tables
2026-02-05 23:44:38.704 | INFO     | main:lifespan:19 - Application shutdown😴
2026-02-06 09:49:12.457 | DEBUG    | main:lifespan:13 - Happy logging with Loguru!
2026-02-06 09:49:12.687 | INFO     | main:lifespan:15 - Connected to PostgreSQL and created the tables
2026-02-06 12:13:43.921 | INFO     | main:lifespan:19 - Application shutdown😴
2026-02-10 18:52:33.701 | DEBUG    | main:lifespan:13 - Happy logging with Loguru!
2026-02-10 18:52:33.825 | INFO     | main:lifespan:15 - Connected to PostgreSQL and created the tables
2026-02-10 19:21:51.654 | INFO     | main:lifespan:19 - Application shutdown😴
2026-02-10 19:21:54.590 | DEBUG    | main:lifespan:13 - Happy logging with Loguru!
2026-02-10 19:21:54.664 | INFO     | main:lifespan:15 - Connected to PostgreSQL and created the tables
2026-02-11 00:08:07.967 | INFO     | main:lifespan:19 - Application shutdown😴
2026-02-11 00:08:21.261 | DEBUG    | main:lifespan:13 - Happy logging with Loguru!
2026-02-11 00:08:21.389 | INFO     | main:lifespan:15 - Connected to PostgreSQL and created the tables
2026-02-11 00:08:24.270 | DEBUG    | main:lifespan:13 - Happy logging with Loguru!
2026-02-11 00:08:24.339 | INFO     | main:lifespan:15 - Connected to PostgreSQL and created the tables
2026-02-11 08:30:12.502 | DEBUG    | main:lifespan:13 - Happy logging with Loguru!
2026-02-11 08:30:12.618 | INFO     | main:lifespan:15 - Connected to PostgreSQL and created the tables
2026-02-11 08:50:49.932 | INFO     | main:lifespan:19 - Application shutdown😴
2026-02-11 08:50:52.236 | DEBUG    | main:lifespan:13 - Happy logging with Loguru!
2026-02-11 08:50:52.423 | INFO     | main:lifespan:15 - Connected to PostgreSQL and created the tables
2026-02-11 08:52:48.448 | INFO     | main:lifespan:19 - Application shutdown😴
2026-02-11 08:52:50.932 | DEBUG    | main:lifespan:13 - Happy logging with Loguru!
2026-02-11 08:52:51.010 | INFO     | main:lifespan:15 - Connected to PostgreSQL and created the tables
2026-02-11 10:06:58.415 | INFO     | main:lifespan:19 - Application shutdown😴
2026-02-11 10:07:00.621 | DEBUG    | main:lifespan:13 - Happy logging with Loguru!
2026-02-11 10:07:00.699 | INFO     | main:lifespan:15 - Connected to PostgreSQL and created the tables
2026-02-11 10:18:00.878 | INFO     | main:lifespan:19 - Application shutdown😴
2026-02-11 10:18:02.853 | DEBUG    | main:lifespan:13 - Happy logging with Loguru!
2026-02-11 10:18:02.912 | INFO     | main:lifespan:15 - Connected to PostgreSQL and created the tables
2026-02-11 10:18:05.464 | INFO     | main:lifespan:19 - Application shutdown😴
2026-02-11 10:18:07.321 | DEBUG    | main:lifespan:13 - Happy logging with Loguru!
2026-02-11 10:18:07.372 | INFO     | main:lifespan:15 - Connected to PostgreSQL and created the tables
2026-02-11 10:18:30.674 | INFO     | main:lifespan:19 - Application shutdown😴
2026-02-11 10:18:34.212 | DEBUG    | main:lifespan:13 - Happy logging with Loguru!
2026-02-11 10:18:34.274 | INFO     | main:lifespan:15 - Connected to PostgreSQL and created the tables
2026-02-11 16:26:24.650 | INFO     | main:lifespan:19 - Application shutdown😴
2026-02-11 16:26:40.620 | DEBUG    | main:lifespan:13 - Happy logging with Loguru!
2026-02-11 16:26:40.871 | INFO     | main:lifespan:15 - Connected to PostgreSQL and created the tables
2026-02-11 16:27:22.819 | INFO     | main:lifespan:19 - Application shutdown😴
2026-02-11 16:27:25.295 | DEBUG    | main:lifespan:13 - Happy logging with Loguru!
2026-02-11 16:27:25.367 | INFO     | main:lifespan:15 - Connected to PostgreSQL and created the tables
2026-02-11 19:34:10.943 | INFO     | main:lifespan:19 - Application shutdown😴
2026-02-11 19:34:13.708 | DEBUG    | main:lifespan:13 - Happy logging with Loguru!
2026-02-11 19:34:13.799 | INFO     | main:lifespan:15 - Connected to PostgreSQL and created the tables
2026-02-11 21:03:43.622 | INFO     | main:lifespan:19 - Application shutdown😴
2026-02-11 21:03:45.657 | DEBUG    | main:lifespan:13 - Happy logging with Loguru!
2026-02-11 21:03:45.708 | INFO     | main:lifespan:15 - Connected to PostgreSQL and created the tables
2026-02-11 22:48:27.847 | INFO     | main:lifespan:19 - Application shutdown😴
2026-02-11 22:48:30.954 | DEBUG    | main:lifespan:13 - Happy logging with Loguru!
2026-02-11 22:48:31.019 | INFO     | main:lifespan:15 - Connected to PostgreSQL and created the tables
2026-02-11 22:48:52.403 | INFO     | main:lifespan:19 - Application shutdown😴
2026-02-11 22:48:55.205 | DEBUG    | main:lifespan:13 - Happy logging with Loguru!
2026-02-11 22:48:55.282 | INFO     | main:lifespan:15 - Connected to PostgreSQL and created the tables
2026-02-11 23:27:44.984 | INFO     | main:lifespan:19 - Application shutdown😴
2026-02-12 09:40:49.296 | DEBUG    | main:lifespan:13 - Happy logging with Loguru!
2026-02-12 09:40:49.541 | INFO     | main:lifespan:15 - Connected to PostgreSQL and created the tables
2026-02-12 10:06:00.156 | INFO     | main:lifespan:19 - Application shutdown😴
2026-02-12 10:06:02.552 | DEBUG    | main:lifespan:13 - Happy logging with Loguru!
2026-02-12 10:06:02.608 | INFO     | main:lifespan:15 - Connected to PostgreSQL and created the tables
2026-02-12 10:09:24.863 | INFO     | main:lifespan:19 - Application shutdown😴
2026-02-12 10:09:26.796 | DEBUG    | main:lifespan:13 - Happy logging with Loguru!
2026-02-12 10:09:26.844 | INFO     | main:lifespan:15 - Connected to PostgreSQL and created the tables
2026-02-12 10:10:59.851 | INFO     | main:lifespan:19 - Application shutdown😴
2026-02-12 10:11:01.913 | DEBUG    | main:lifespan:13 - Happy logging with Loguru!
2026-02-12 10:11:01.969 | INFO     | main:lifespan:15 - Connected to PostgreSQL and created the tables
2026-02-12 10:21:39.676 | INFO     | main:lifespan:19 - Application shutdown😴
2026-02-12 10:21:41.712 | DEBUG    | main:lifespan:13 - Happy logging with Loguru!
2026-02-12 10:21:41.770 | INFO     | main:lifespan:15 - Connected to PostgreSQL and created the tables
2026-02-12 12:25:47.775 | INFO     | main:lifespan:19 - Application shutdown😴
2026-02-12 12:26:03.712 | DEBUG    | main:lifespan:13 - Happy logging with Loguru!
2026-02-12 12:26:03.894 | INFO     | main:lifespan:15 - Connected to PostgreSQL and created the tables
2026-02-12 13:06:33.756 | INFO     | main:lifespan:19 - Application shutdown😴
2026-02-12 13:06:36.293 | DEBUG    | main:lifespan:13 - Happy logging with Loguru!
2026-02-12 13:06:36.383 | INFO     | main:lifespan:15 - Connected to PostgreSQL and created the tables
2026-02-12 13:12:13.764 | INFO     | main:lifespan:19 - Application shutdown😴
2026-02-12 13:12:16.519 | DEBUG    | main:lifespan:13 - Happy logging with Loguru!
2026-02-12 13:12:16.600 | INFO     | main:lifespan:15 - Connected to PostgreSQL and created the tables
2026-02-12 13:13:12.936 | INFO     | main:lifespan:19 - Application shutdown😴
2026-02-12 13:13:15.697 | DEBUG    | main:lifespan:13 - Happy logging with Loguru!
2026-02-12 13:13:15.776 | INFO     | main:lifespan:15 - Connected to PostgreSQL and created the tables
2026-02-12 13:45:50.520 | INFO     | main:lifespan:19 - Application shutdown😴
2026-02-12 13:45:53.482 | DEBUG    | main:lifespan:13 - Happy logging with Loguru!
2026-02-12 13:45:53.588 | INFO     | main:lifespan:15 - Connected to PostgreSQL and created the tables
2026-02-12 13:48:27.804 | INFO     | main:lifespan:19 - Application shutdown😴
2026-02-12 13:48:30.589 | DEBUG    | main:lifespan:13 - Happy logging with Loguru!
2026-02-12 13:48:30.745 | INFO     | main:lifespan:15 - Connected to PostgreSQL and created the tables
2026-02-12 13:50:05.623 | INFO     | main:lifespan:19 - Application shutdown😴
2026-02-12 13:50:08.311 | DEBUG    | main:lifespan:13 - Happy logging with Loguru!
2026-02-12 13:50:08.396 | INFO     | main:lifespan:15 - Connected to PostgreSQL and created the tables
2026-02-12 13:50:28.335 | INFO     | main:lifespan:19 - Application shutdown😴
2026-02-12 13:50:36.578 | DEBUG    | main:lifespan:13 - Happy logging with Loguru!
2026-02-12 13:50:36.668 | INFO     | main:lifespan:15 - Connected to PostgreSQL and created the tables
2026-02-12 14:09:48.888 | INFO     | main:lifespan:19 - Application shutdown😴
2026-02-12 14:09:51.820 | DEBUG    | main:lifespan:13 - Happy logging with Loguru!
2026-02-12 14:09:51.916 | INFO     | main:lifespan:15 - Connected to PostgreSQL and created the tables
2026-02-12 14:19:06.750 | INFO     | main:lifespan:19 - Application shutdown😴
2026-02-12 14:19:09.444 | DEBUG    | main:lifespan:13 - Happy logging with Loguru!
2026-02-12 14:19:09.527 | INFO     | main:lifespan:15 - Connected to PostgreSQL and created the tables
2026-02-12 14:19:16.348 | INFO     | main:lifespan:19 - Application shutdown😴
2026-02-12 14:19:18.954 | DEBUG    | main:lifespan:13 - Happy logging with Loguru!
2026-02-12 14:19:19.036 | INFO     | main:lifespan:15 - Connected to PostgreSQL and created the tables
2026-02-12 19:24:13.413 | DEBUG    | main:lifespan:13 - Happy logging with Loguru!
2026-02-12 19:24:13.713 | INFO     | main:lifespan:15 - Connected to PostgreSQL and created the tables
2026-02-12 19:46:20.836 | INFO     | main:lifespan:19 - Application shutdown😴
2026-02-12 19:46:23.739 | DEBUG    | main:lifespan:13 - Happy logging with Loguru!
2026-02-12 19:46:23.818 | INFO     | main:lifespan:15 - Connected to PostgreSQL and created the tables
2026-02-12 19:50:05.711 | INFO     | main:lifespan:19 - Application shutdown😴
2026-02-12 19:50:08.287 | DEBUG    | main:lifespan:13 - Happy logging with Loguru!
2026-02-12 19:50:08.379 | INFO     | main:lifespan:15 - Connected to PostgreSQL and created the tables
2026-02-12 19:54:17.702 | INFO     | main:lifespan:19 - Application shutdown😴
2026-02-12 19:54:20.407 | DEBUG    | main:lifespan:13 - Happy logging with Loguru!
2026-02-12 19:54:20.544 | INFO     | main:lifespan:15 - Connected to PostgreSQL and created the tables
2026-02-12 19:54:57.193 | INFO     | main:lifespan:19 - Application shutdown😴
2026-02-12 19:54:59.431 | DEBUG    | main:lifespan:13 - Happy logging with Loguru!
2026-02-12 19:54:59.515 | INFO     | main:lifespan:15 - Connected to PostgreSQL and created the tables
2026-02-12 19:58:28.130 | INFO     | main:lifespan:19 - Application shutdown😴
2026-02-12 19:58:30.745 | DEBUG    | main:lifespan:13 - Happy logging with Loguru!
2026-02-12 19:58:30.826 | INFO     | main:lifespan:15 - Connected to PostgreSQL and created the tables
2026-02-12 19:58:46.983 | INFO     | main:lifespan:19 - Application shutdown😴
2026-02-12 19:58:49.488 | DEBUG    | main:lifespan:13 - Happy logging with Loguru!
2026-02-12 19:58:49.571 | INFO     | main:lifespan:15 - Connected to PostgreSQL and created the tables
2026-02-12 19:59:57.121 | INFO     | main:lifespan:19 - Application shutdown😴
2026-02-12 19:59:59.580 | DEBUG    | main:lifespan:13 - Happy logging with Loguru!
2026-02-12 19:59:59.662 | INFO     | main:lifespan:15 - Connected to PostgreSQL and created the tables
2026-02-12 20:03:19.022 | INFO     | main:lifespan:19 - Application shutdown😴
2026-02-12 20:03:21.571 | DEBUG    | main:lifespan:13 - Happy logging with Loguru!
2026-02-12 20:03:21.658 | INFO     | main:lifespan:15 - Connected to PostgreSQL and created the tables
2026-02-12 20:16:57.005 | INFO     | main:lifespan:19 - Application shutdown😴
2026-02-12 20:16:59.378 | DEBUG    | main:lifespan:13 - Happy logging with Loguru!
2026-02-12 20:16:59.462 | INFO     | main:lifespan:15 - Connected to PostgreSQL and created the tables
2026-02-13 00:11:34.155 | INFO     | main:lifespan:19 - Application shutdown😴
